[2026-06-26T13:17:35.544Z] Login API POST started
[2026-06-26T13:17:35.618Z] Body parsed: {"username":"admin","password":"123456"}
[2026-06-26T13:17:35.618Z] Reading teachers file at: D:\code\checkInReact\data\teachers.json
[2026-06-26T13:17:35.619Z] Teachers file read success, length: 314
[2026-06-26T13:17:35.620Z] Teacher found: admin
[2026-06-26T13:17:35.620Z] Comparing password...
[2026-06-26T13:17:35.764Z] Password compare match: true
[2026-06-26T13:17:35.766Z] Signing token...
[2026-06-26T13:17:35.778Z] Token signed successfully
[2026-06-26T13:21:34.304Z] Login API POST started
[2026-06-26T13:21:34.309Z] Body parsed: {"username":"admin","password":"123456"}
[2026-06-26T13:21:34.310Z] Reading teachers file at: D:\code\checkInReact\data\teachers.json
[2026-06-26T13:21:34.311Z] Teachers file read success, length: 314
[2026-06-26T13:21:34.312Z] Teacher found: admin
[2026-06-26T13:21:34.312Z] Comparing password...
[2026-06-26T13:21:34.457Z] Password compare match: true
[2026-06-26T13:21:34.457Z] Signing token...
[2026-06-26T13:21:34.466Z] Token signed successfully
[2026-06-26T13:23:06.757Z] Login API POST started
[2026-06-26T13:23:06.780Z] Body parsed: {"username":"admin","password":"123456"}
[2026-06-26T13:23:06.781Z] Reading teachers file at: D:\code\checkInReact\data\teachers.json
[2026-06-26T13:23:06.782Z] Teachers file read success, length: 314
[2026-06-26T13:23:06.783Z] Teacher found: admin
[2026-06-26T13:23:06.783Z] Comparing password...
[2026-06-26T13:23:06.914Z] Password compare match: true
[2026-06-26T13:23:06.915Z] Signing token...
[2026-06-26T13:23:06.921Z] Token signed successfully
[2026-06-26T13:25:24.678Z] Login API POST started
[2026-06-26T13:25:24.693Z] Body parsed: {"username":"admin","password":"123456"}
[2026-06-26T13:25:24.694Z] Reading teachers file at: D:\code\checkInReact\data\teachers.json
[2026-06-26T13:25:24.695Z] Teachers file read success, length: 314
[2026-06-26T13:25:24.695Z] Teacher found: admin
[2026-06-26T13:25:24.696Z] Comparing password...
[2026-06-26T13:25:24.823Z] Password compare match: true
[2026-06-26T13:25:24.824Z] Signing token...
[2026-06-26T13:25:24.838Z] Token signed successfully
[2026-06-26T13:27:56.800Z] Login API POST started
[2026-06-26T13:27:56.840Z] Body parsed: {"username":"admin","password":"123456"}
[2026-06-26T13:27:56.841Z] Reading teachers file at: D:\code\checkInReact\data\teachers.json
[2026-06-26T13:27:56.842Z] Teachers file read success, length: 314
[2026-06-26T13:27:56.842Z] Teacher found: admin
[2026-06-26T13:27:56.843Z] Comparing password...
[2026-06-26T13:27:56.964Z] Password compare match: true
[2026-06-26T13:27:56.964Z] Signing token...
[2026-06-26T13:27:56.974Z] Token signed successfully
[2026-06-26T13:34:24.229Z] Login API POST started
[2026-06-26T13:34:24.277Z] Body parsed: {"username":"admin","password":"123456"}
[2026-06-26T13:34:24.278Z] Reading teachers file at: D:\code\checkInReact\data\teachers.json
[2026-06-26T13:34:24.279Z] Teachers file read success, length: 314
[2026-06-26T13:34:24.279Z] Teacher found: admin
[2026-06-26T13:34:24.280Z] Comparing password...
[2026-06-26T13:34:24.427Z] Password compare match: true
[2026-06-26T13:34:24.428Z] Signing token...
[2026-06-26T13:34:24.452Z] Token signed successfully
[2026-06-26T13:39:25.617Z] Login API POST started
[2026-06-26T13:39:25.635Z] Body parsed: {"username":"admin","password":"123456"}
[2026-06-26T13:39:25.636Z] Reading teachers file at: D:\code\checkInReact\data\teachers.json
[2026-06-26T13:39:25.637Z] Teachers file read success, length: 314
[2026-06-26T13:39:25.638Z] Teacher found: admin
[2026-06-26T13:39:25.639Z] Comparing password...
[2026-06-26T13:39:25.765Z] Password compare match: true
[2026-06-26T13:39:25.765Z] Signing token...
[2026-06-26T13:39:25.779Z] Token signed successfully
[2026-06-26T13:41:46.629Z] Login API POST started
[2026-06-26T13:41:46.647Z] Body parsed: {"username":"admin","password":"123456"}
[2026-06-26T13:41:46.648Z] Reading teachers file at: D:\code\checkInReact\data\teachers.json
[2026-06-26T13:41:46.649Z] Teachers file read success, length: 314
[2026-06-26T13:41:46.650Z] Teacher found: admin
[2026-06-26T13:41:46.650Z] Comparing password...
[2026-06-26T13:41:46.776Z] Password compare match: true
[2026-06-26T13:41:46.785Z] Signing token...
[2026-06-26T13:41:46.806Z] Token signed successfully
[2026-06-26T23:23:46.611Z] Login API POST started
[2026-06-26T23:23:46.684Z] Body parsed: {"username":"admin","password":"123456"}
[2026-06-26T23:23:46.685Z] Reading teachers file at: D:\code\checkInReact\data\teachers.json
[2026-06-26T23:23:46.686Z] Teachers file read success, length: 314
[2026-06-26T23:23:46.686Z] Teacher found: admin
[2026-06-26T23:23:46.687Z] Comparing password...
[2026-06-26T23:23:46.813Z] Password compare match: true
[2026-06-26T23:23:46.814Z] Signing token...
[2026-06-26T23:23:46.821Z] Token signed successfully
[2026-06-26T23:25:50.985Z] Login API POST started
[2026-06-26T23:25:51.051Z] Body parsed: {"username":"admin","password":"123456"}
[2026-06-26T23:25:51.052Z] Reading teachers file at: D:\code\checkInReact\data\teachers.json
[2026-06-26T23:25:51.055Z] Teachers file read success, length: 314
[2026-06-26T23:25:51.056Z] Teacher found: admin
[2026-06-26T23:25:51.056Z] Comparing password...
[2026-06-26T23:25:51.191Z] Password compare match: true
[2026-06-26T23:25:51.191Z] Signing token...
[2026-06-26T23:25:51.196Z] Token signed successfully
[2026-06-26T23:25:54.105Z] Login API POST started
[2026-06-26T23:25:54.106Z] Body parsed: {"username":"admin","password":"123456"}
[2026-06-26T23:25:54.107Z] Reading teachers file at: D:\code\checkInReact\data\teachers.json
[2026-06-26T23:25:54.108Z] Teachers file read success, length: 314
[2026-06-26T23:25:54.109Z] Teacher found: admin
[2026-06-26T23:25:54.109Z] Comparing password...
[2026-06-26T23:25:54.222Z] Password compare match: true
[2026-06-26T23:25:54.224Z] Signing token...
[2026-06-26T23:25:54.225Z] Token signed successfully
[2026-06-26T23:32:07.110Z] Login API POST started
[2026-06-26T23:32:07.115Z] Body parsed: {"username":"admin","password":"123456"}
[2026-06-26T23:32:07.116Z] Reading teachers file at: D:\code\checkInReact\data\teachers.json
[2026-06-26T23:32:07.117Z] Teachers file read success, length: 314
[2026-06-26T23:32:07.117Z] Teacher found: admin
[2026-06-26T23:32:07.118Z] Comparing password...
[2026-06-26T23:32:07.231Z] Password compare match: true
[2026-06-26T23:32:07.232Z] Signing token...
[2026-06-26T23:32:07.236Z] Token signed successfully
[2026-06-26T23:33:10.041Z] Login API POST started
[2026-06-26T23:33:10.042Z] Body parsed: {"username":"admin","password":"123456"}
[2026-06-26T23:33:10.043Z] Reading teachers file at: D:\code\checkInReact\data\teachers.json
[2026-06-26T23:33:10.045Z] Teachers file read success, length: 314
[2026-06-26T23:33:10.045Z] Teacher found: admin
[2026-06-26T23:33:10.046Z] Comparing password...
[2026-06-26T23:33:10.262Z] Password compare match: true
[2026-06-26T23:33:10.286Z] Signing token...
[2026-06-26T23:33:10.355Z] Token signed successfully
[2026-06-26T23:34:30.300Z] Login API POST started
[2026-06-26T23:34:30.325Z] Body parsed: {"username":"admin","password":"123456"}
[2026-06-26T23:34:30.325Z] Reading teachers file at: D:\code\checkInReact\data\teachers.json
[2026-06-26T23:34:30.327Z] Teachers file read success, length: 314
[2026-06-26T23:34:30.327Z] Teacher found: admin
[2026-06-26T23:34:30.328Z] Comparing password...
[2026-06-26T23:34:30.435Z] Password compare match: true
[2026-06-26T23:34:30.447Z] Signing token...
[2026-06-26T23:34:30.450Z] Token signed successfully
[2026-06-26T23:35:34.282Z] Login API POST started
[2026-06-26T23:35:34.283Z] Body parsed: {"username":"admin","password":"123456"}
[2026-06-26T23:35:34.283Z] Reading teachers file at: D:\code\checkInReact\data\teachers.json
[2026-06-26T23:35:34.286Z] Teachers file read success, length: 314
[2026-06-26T23:35:34.286Z] Teacher found: admin
[2026-06-26T23:35:34.287Z] Comparing password...
[2026-06-26T23:35:34.392Z] Password compare match: true
[2026-06-26T23:35:34.392Z] Signing token...
[2026-06-26T23:35:34.393Z] Token signed successfully
[2026-07-02T13:52:27.348Z] Login API POST started
[2026-07-02T13:52:27.396Z] Body parsed: {"username":"admin","password":"123456"}
[2026-07-02T13:52:27.396Z] Reading teachers data from KV
[2026-07-02T13:52:27.397Z] Teachers file read success, length: 314
[2026-07-02T13:52:27.398Z] Teacher found: admin
[2026-07-02T13:52:27.399Z] Comparing password...
[2026-07-02T13:52:27.532Z] Password compare match: true
[2026-07-02T13:52:27.533Z] Signing token...
[2026-07-02T13:52:27.542Z] Token signed successfully
[2026-07-02T13:55:18.820Z] Login API POST started
[2026-07-02T13:55:18.868Z] Body parsed: {"username":"admin","password":"123456"}
[2026-07-02T13:55:18.868Z] Reading teachers data from KV
[2026-07-02T13:55:18.870Z] Teachers file read success, length: 314
[2026-07-02T13:55:18.871Z] Teacher found: admin
[2026-07-02T13:55:18.872Z] Comparing password...
[2026-07-02T13:55:19.001Z] Password compare match: true
[2026-07-02T13:55:19.002Z] Signing token...
[2026-07-02T13:55:19.012Z] Token signed successfully
[2026-07-02T13:55:58.612Z] Login API POST started
[2026-07-02T13:55:58.613Z] Body parsed: {"username":"admin","password":"123456"}
[2026-07-02T13:55:58.614Z] Reading teachers data from KV
[2026-07-02T13:55:58.615Z] Teachers file read success, length: 314
[2026-07-02T13:55:58.615Z] Teacher found: admin
[2026-07-02T13:55:58.616Z] Comparing password...
[2026-07-02T13:55:58.725Z] Password compare match: true
[2026-07-02T13:55:58.726Z] Signing token...
[2026-07-02T13:55:58.727Z] Token signed successfully
